2021-05-29 23:07:45,603 [Worker-7: Loading available Gradle versions] INFO  o.e.b.c.i.u.g.PublishedGradleVersions - Gradle version information cache is up-to-date. Trying to read.
2021-05-29 23:10:30,624 [Worker-18: Update Maven projects configuration] INFO  o.e.m.c.i.p.ProjectConfigurationManager - Update started
2021-05-29 23:10:31,447 [Worker-18: Update Maven projects configuration] INFO  o.e.m.c.i.e.AbstractTransferListenerAdapter - Downloading https://repo.maven.apache.org/maven2/org/apache/maven/plugins/maven-jar-plugin/3.0.2/maven-jar-plugin-3.0.2.jar
2021-05-29 23:10:31,544 [Worker-18: Update Maven projects configuration] INFO  o.e.m.c.i.e.AbstractTransferListenerAdapter - Downloaded https://repo.maven.apache.org/maven2/org/apache/maven/plugins/maven-jar-plugin/3.0.2/maven-jar-plugin-3.0.2.jar
2021-05-29 23:10:32,316 [Worker-18: Update Maven projects configuration] INFO  o.e.m.c.i.l.LifecycleMappingFactory - Using org.eclipse.m2e.jdt.JarLifecycleMapping lifecycle mapping for MavenProject: org.example:ChatApp:0.0.1-SNAPSHOT @ C:\Users\huawei\Desktop\lab09\aplikacja\pom.xml.
2021-05-29 23:10:32,326 [Worker-18: Update Maven projects configuration] WARN  o.e.m.c.i.embedder.EclipseLogger - The POM for org.example:ChatLib:jar:0.0.1-SNAPSHOT is missing, no dependency information available
2021-05-29 23:10:32,632 [Worker-18: Update Maven projects configuration] INFO  o.e.m.c.i.e.AbstractTransferListenerAdapter - Downloading https://repo.maven.apache.org/maven2/org/apache/maven/plugins/maven-jar-plugin/3.0.2/maven-jar-plugin-3.0.2.pom
2021-05-29 23:10:32,720 [Worker-18: Update Maven projects configuration] INFO  o.e.m.c.i.e.AbstractTransferListenerAdapter - Downloaded https://repo.maven.apache.org/maven2/org/apache/maven/plugins/maven-jar-plugin/3.0.2/maven-jar-plugin-3.0.2.pom
2021-05-29 23:10:32,900 [Worker-18: Update Maven projects configuration] INFO  o.e.m.c.i.e.AbstractTransferListenerAdapter - Downloading https://repo.maven.apache.org/maven2/org/apache/maven/maven-archiver/3.1.1/maven-archiver-3.1.1.pom
2021-05-29 23:10:32,951 [Worker-18: Update Maven projects configuration] INFO  o.e.m.c.i.e.AbstractTransferListenerAdapter - Downloaded https://repo.maven.apache.org/maven2/org/apache/maven/maven-archiver/3.1.1/maven-archiver-3.1.1.pom
2021-05-29 23:10:33,022 [Worker-18: Update Maven projects configuration] INFO  o.e.m.c.i.e.AbstractTransferListenerAdapter - Downloading https://repo.maven.apache.org/maven2/org/apache/maven/shared/maven-shared-utils/3.0.1/maven-shared-utils-3.0.1.pom
2021-05-29 23:10:33,079 [Worker-18: Update Maven projects configuration] INFO  o.e.m.c.i.e.AbstractTransferListenerAdapter - Downloaded https://repo.maven.apache.org/maven2/org/apache/maven/shared/maven-shared-utils/3.0.1/maven-shared-utils-3.0.1.pom
2021-05-29 23:10:33,159 [Worker-18: Update Maven projects configuration] INFO  o.e.m.c.i.e.AbstractTransferListenerAdapter - Downloading https://repo.maven.apache.org/maven2/org/codehaus/plexus/plexus-archiver/3.3/plexus-archiver-3.3.pom
2021-05-29 23:10:33,206 [Worker-18: Update Maven projects configuration] INFO  o.e.m.c.i.e.AbstractTransferListenerAdapter - Downloaded https://repo.maven.apache.org/maven2/org/codehaus/plexus/plexus-archiver/3.3/plexus-archiver-3.3.pom
2021-05-29 23:10:33,257 [Worker-18: Update Maven projects configuration] INFO  o.e.m.c.i.e.AbstractTransferListenerAdapter - Downloading https://repo.maven.apache.org/maven2/org/codehaus/plexus/plexus-utils/3.0.24/plexus-utils-3.0.24.pom
2021-05-29 23:10:33,304 [Worker-18: Update Maven projects configuration] INFO  o.e.m.c.i.e.AbstractTransferListenerAdapter - Downloaded https://repo.maven.apache.org/maven2/org/codehaus/plexus/plexus-utils/3.0.24/plexus-utils-3.0.24.pom
2021-05-29 23:10:33,359 [Worker-18: Update Maven projects configuration] INFO  o.e.m.c.i.e.AbstractTransferListenerAdapter - Downloading https://repo.maven.apache.org/maven2/org/codehaus/plexus/plexus-io/2.7.1/plexus-io-2.7.1.pom
2021-05-29 23:10:33,416 [Worker-18: Update Maven projects configuration] INFO  o.e.m.c.i.e.AbstractTransferListenerAdapter - Downloaded https://repo.maven.apache.org/maven2/org/codehaus/plexus/plexus-io/2.7.1/plexus-io-2.7.1.pom
2021-05-29 23:10:33,481 [Worker-18: Update Maven projects configuration] INFO  o.e.m.c.i.e.AbstractTransferListenerAdapter - Downloading https://repo.maven.apache.org/maven2/org/apache/commons/commons-compress/1.11/commons-compress-1.11.pom
2021-05-29 23:10:33,533 [Worker-18: Update Maven projects configuration] INFO  o.e.m.c.i.e.AbstractTransferListenerAdapter - Downloaded https://repo.maven.apache.org/maven2/org/apache/commons/commons-compress/1.11/commons-compress-1.11.pom
2021-05-29 23:10:33,595 [Worker-18: Update Maven projects configuration] INFO  o.e.m.c.i.e.AbstractTransferListenerAdapter - Downloading https://repo.maven.apache.org/maven2/org/tukaani/xz/1.5/xz-1.5.pom
2021-05-29 23:10:33,646 [Worker-18: Update Maven projects configuration] INFO  o.e.m.c.i.e.AbstractTransferListenerAdapter - Downloaded https://repo.maven.apache.org/maven2/org/tukaani/xz/1.5/xz-1.5.pom
2021-05-29 23:10:33,694 [Worker-18: Update Maven projects configuration] INFO  o.e.m.c.i.e.AbstractTransferListenerAdapter - Downloading https://repo.maven.apache.org/maven2/org/codehaus/plexus/plexus-interpolation/1.22/plexus-interpolation-1.22.pom
2021-05-29 23:10:33,743 [Worker-18: Update Maven projects configuration] INFO  o.e.m.c.i.e.AbstractTransferListenerAdapter - Downloaded https://repo.maven.apache.org/maven2/org/codehaus/plexus/plexus-interpolation/1.22/plexus-interpolation-1.22.pom
2021-05-29 23:10:33,818 [Worker-18: Update Maven projects configuration] INFO  o.e.m.c.i.e.AbstractTransferListenerAdapter - Downloading https://repo.maven.apache.org/maven2/org/codehaus/plexus/plexus-archiver/3.4/plexus-archiver-3.4.pom
2021-05-29 23:10:33,885 [Worker-18: Update Maven projects configuration] INFO  o.e.m.c.i.e.AbstractTransferListenerAdapter - Downloaded https://repo.maven.apache.org/maven2/org/codehaus/plexus/plexus-archiver/3.4/plexus-archiver-3.4.pom
2021-05-29 23:10:33,954 [AetherRepositoryConnector-repo.maven.apache.org-0-2] INFO  o.e.m.c.i.e.AbstractTransferListenerAdapter - Downloading https://repo.maven.apache.org/maven2/org/codehaus/plexus/plexus-archiver/3.4/plexus-archiver-3.4.jar
2021-05-29 23:10:34,014 [AetherRepositoryConnector-repo.maven.apache.org-0-1] INFO  o.e.m.c.i.e.AbstractTransferListenerAdapter - Downloading https://repo.maven.apache.org/maven2/org/apache/maven/shared/maven-shared-utils/3.0.1/maven-shared-utils-3.0.1.jar
2021-05-29 23:10:34,014 [AetherRepositoryConnector-repo.maven.apache.org-0-3] INFO  o.e.m.c.i.e.AbstractTransferListenerAdapter - Downloading https://repo.maven.apache.org/maven2/org/codehaus/plexus/plexus-io/2.7.1/plexus-io-2.7.1.jar
2021-05-29 23:10:34,014 [AetherRepositoryConnector-repo.maven.apache.org-0-0] INFO  o.e.m.c.i.e.AbstractTransferListenerAdapter - Downloading https://repo.maven.apache.org/maven2/org/apache/maven/maven-archiver/3.1.1/maven-archiver-3.1.1.jar
2021-05-29 23:10:34,014 [AetherRepositoryConnector-repo.maven.apache.org-0-4] INFO  o.e.m.c.i.e.AbstractTransferListenerAdapter - Downloading https://repo.maven.apache.org/maven2/org/apache/commons/commons-compress/1.11/commons-compress-1.11.jar
2021-05-29 23:10:34,330 [AetherRepositoryConnector-repo.maven.apache.org-0-0] INFO  o.e.m.c.i.e.AbstractTransferListenerAdapter - Downloaded https://repo.maven.apache.org/maven2/org/apache/maven/maven-archiver/3.1.1/maven-archiver-3.1.1.jar
2021-05-29 23:10:34,507 [AetherRepositoryConnector-repo.maven.apache.org-0-3] INFO  o.e.m.c.i.e.AbstractTransferListenerAdapter - Downloaded https://repo.maven.apache.org/maven2/org/codehaus/plexus/plexus-io/2.7.1/plexus-io-2.7.1.jar
2021-05-29 23:10:34,558 [AetherRepositoryConnector-repo.maven.apache.org-0-0] INFO  o.e.m.c.i.e.AbstractTransferListenerAdapter - Downloading https://repo.maven.apache.org/maven2/org/tukaani/xz/1.5/xz-1.5.jar
2021-05-29 23:10:34,583 [AetherRepositoryConnector-repo.maven.apache.org-0-2] INFO  o.e.m.c.i.e.AbstractTransferListenerAdapter - Downloaded https://repo.maven.apache.org/maven2/org/codehaus/plexus/plexus-archiver/3.4/plexus-archiver-3.4.jar
2021-05-29 23:10:34,633 [AetherRepositoryConnector-repo.maven.apache.org-0-1] INFO  o.e.m.c.i.e.AbstractTransferListenerAdapter - Downloaded https://repo.maven.apache.org/maven2/org/apache/maven/shared/maven-shared-utils/3.0.1/maven-shared-utils-3.0.1.jar
2021-05-29 23:10:34,675 [AetherRepositoryConnector-repo.maven.apache.org-0-3] INFO  o.e.m.c.i.e.AbstractTransferListenerAdapter - Downloading https://repo.maven.apache.org/maven2/org/codehaus/plexus/plexus-utils/3.0.24/plexus-utils-3.0.24.jar
2021-05-29 23:10:34,830 [AetherRepositoryConnector-repo.maven.apache.org-0-4] INFO  o.e.m.c.i.e.AbstractTransferListenerAdapter - Downloaded https://repo.maven.apache.org/maven2/org/apache/commons/commons-compress/1.11/commons-compress-1.11.jar
2021-05-29 23:10:34,830 [AetherRepositoryConnector-repo.maven.apache.org-0-0] INFO  o.e.m.c.i.e.AbstractTransferListenerAdapter - Downloaded https://repo.maven.apache.org/maven2/org/tukaani/xz/1.5/xz-1.5.jar
2021-05-29 23:10:34,877 [AetherRepositoryConnector-repo.maven.apache.org-0-3] INFO  o.e.m.c.i.e.AbstractTransferListenerAdapter - Downloaded https://repo.maven.apache.org/maven2/org/codehaus/plexus/plexus-utils/3.0.24/plexus-utils-3.0.24.jar
2021-05-29 23:10:36,055 [Worker-23: Download sources and javadoc] WARN  o.e.m.c.i.embedder.EclipseLogger - The POM for org.example:ChatLib:jar:0.0.1-SNAPSHOT is missing, no dependency information available
2021-05-29 23:10:36,062 [Worker-23: Download sources and javadoc] ERROR o.e.m.j.internal.DownloadSourcesJob - Could not download javadoc for org.example:ChatLib:0.0.1-SNAPSHOT
org.eclipse.core.runtime.CoreException: Could not resolve artifact org.example:ChatLib:jar:javadoc:0.0.1-SNAPSHOT
	at org.eclipse.m2e.core.internal.embedder.MavenImpl.lambda$4(MavenImpl.java:804)
	at org.eclipse.m2e.core.internal.embedder.MavenExecutionContext.executeBare(MavenExecutionContext.java:179)
	at org.eclipse.m2e.core.internal.embedder.MavenExecutionContext.execute(MavenExecutionContext.java:114)
	at org.eclipse.m2e.core.internal.embedder.MavenExecutionContext.execute(MavenExecutionContext.java:101)
	at org.eclipse.m2e.core.internal.embedder.MavenImpl.resolve(MavenImpl.java:772)
	at org.eclipse.m2e.core.internal.embedder.MavenImpl.resolve(MavenImpl.java:749)
	at org.eclipse.m2e.jdt.internal.DownloadSourcesJob.download(DownloadSourcesJob.java:330)
	at org.eclipse.m2e.jdt.internal.DownloadSourcesJob.downloadAttachments(DownloadSourcesJob.java:316)
	at org.eclipse.m2e.jdt.internal.DownloadSourcesJob.downloadMaven(DownloadSourcesJob.java:269)
	at org.eclipse.m2e.jdt.internal.DownloadSourcesJob.downloadFilesAndPopulateToUpdate(DownloadSourcesJob.java:233)
	at org.eclipse.m2e.jdt.internal.DownloadSourcesJob.lambda$0(DownloadSourcesJob.java:161)
	at org.eclipse.m2e.core.internal.embedder.MavenExecutionContext.executeBare(MavenExecutionContext.java:179)
	at org.eclipse.m2e.core.internal.embedder.MavenExecutionContext.execute(MavenExecutionContext.java:153)
	at org.eclipse.m2e.core.internal.embedder.MavenExecutionContext.execute(MavenExecutionContext.java:101)
	at org.eclipse.m2e.core.internal.embedder.MavenImpl.execute(MavenImpl.java:1374)
	at org.eclipse.m2e.jdt.internal.DownloadSourcesJob.run(DownloadSourcesJob.java:161)
	at org.eclipse.core.internal.jobs.Worker.run(Worker.java:63)
2021-05-29 23:10:37,132 [Worker-18: Update Maven projects configuration] INFO  o.e.m.j.i.AbstractJavaProjectConfigurator - Adding source folder /aplikacja/src/main/java
2021-05-29 23:10:37,172 [Worker-18: Update Maven projects configuration] INFO  o.e.m.j.i.AbstractJavaProjectConfigurator - Adding source folder /aplikacja/src/test/java
2021-05-29 23:10:37,910 [Worker-0: Building] INFO  o.e.m.c.i.embedder.EclipseLogger - Using 'UTF-8' encoding to copy filtered resources.
2021-05-29 23:10:37,911 [Worker-0: Building] INFO  o.e.m.c.i.embedder.EclipseLogger - skip non existing resourceDirectory C:\Users\huawei\Desktop\lab09\aplikacja\src\main\resources
2021-05-29 23:10:37,914 [Worker-0: Building] INFO  o.e.m.c.i.embedder.EclipseLogger - Using 'UTF-8' encoding to copy filtered resources.
2021-05-29 23:10:37,914 [Worker-0: Building] INFO  o.e.m.c.i.embedder.EclipseLogger - skip non existing resourceDirectory C:\Users\huawei\Desktop\lab09\aplikacja\src\test\resources
2021-05-29 23:10:38,468 [Worker-18: Update Maven projects configuration] INFO  o.e.m.c.i.p.ProjectConfigurationManager - Update completed: 7 sec
2021-05-29 23:10:38,471 [Worker-18: Update Maven projects configuration] INFO  o.e.m.c.i.p.ProjectConfigurationManager - Update started
2021-05-29 23:10:38,804 [Worker-18: Update Maven projects configuration] INFO  o.e.m.c.i.e.AbstractTransferListenerAdapter - Downloading https://repo.maven.apache.org/maven2/org/apache/maven/plugins/maven-javadoc-plugin/3.2.0/maven-javadoc-plugin-3.2.0.pom
2021-05-29 23:10:38,942 [Worker-18: Update Maven projects configuration] INFO  o.e.m.c.i.e.AbstractTransferListenerAdapter - Downloaded https://repo.maven.apache.org/maven2/org/apache/maven/plugins/maven-javadoc-plugin/3.2.0/maven-javadoc-plugin-3.2.0.pom
2021-05-29 23:10:39,005 [Worker-18: Update Maven projects configuration] INFO  o.e.m.c.i.e.AbstractTransferListenerAdapter - Downloading https://repo.maven.apache.org/maven2/org/apache/maven/plugins/maven-javadoc-plugin/3.2.0/maven-javadoc-plugin-3.2.0.jar
2021-05-29 23:10:39,414 [Worker-18: Update Maven projects configuration] INFO  o.e.m.c.i.e.AbstractTransferListenerAdapter - Downloaded https://repo.maven.apache.org/maven2/org/apache/maven/plugins/maven-javadoc-plugin/3.2.0/maven-javadoc-plugin-3.2.0.jar
2021-05-29 23:10:39,828 [Worker-18: Update Maven projects configuration] INFO  o.e.m.c.i.l.LifecycleMappingFactory - Using org.eclipse.m2e.jdt.JarLifecycleMapping lifecycle mapping for MavenProject: org.example:ChatLib:0.0.1-SNAPSHOT @ C:\Users\huawei\Desktop\lab09\biblioteka\pom.xml.
2021-05-29 23:10:39,866 [Worker-18: Update Maven projects configuration] INFO  o.e.m.c.i.l.LifecycleMappingFactory - Using org.eclipse.m2e.jdt.JarLifecycleMapping lifecycle mapping for MavenProject: org.example:ChatApp:0.0.1-SNAPSHOT @ C:\Users\huawei\Desktop\lab09\aplikacja\pom.xml.
2021-05-29 23:10:39,875 [Worker-18: Update Maven projects configuration] INFO  o.e.m.c.i.p.WorkspaceClassifierResolverManager - Resolving P/biblioteka: org.example:ChatLib:0.0.1-SNAPSHOT with classifier  to /biblioteka/target/classes
2021-05-29 23:10:40,273 [Worker-18: Update Maven projects configuration] ERROR o.e.m2e.jdt.internal.ModuleSupport - biblioteka does not exist
org.eclipse.jdt.core.JavaModelException: biblioteka does not exist
	at org.eclipse.jdt.internal.core.JavaElement.newJavaModelException(JavaElement.java:583)
	at org.eclipse.jdt.internal.core.Openable.generateInfos(Openable.java:254)
	at org.eclipse.jdt.internal.core.JavaElement.openWhenClosed(JavaElement.java:596)
	at org.eclipse.jdt.internal.core.JavaElement.getElementInfo(JavaElement.java:326)
	at org.eclipse.jdt.internal.core.JavaElement.getElementInfo(JavaElement.java:312)
	at org.eclipse.jdt.internal.core.JavaProject.getModuleDescription(JavaProject.java:3841)
	at org.eclipse.m2e.jdt.internal.ModuleSupport.getModuleInfo(ModuleSupport.java:199)
	at org.eclipse.m2e.jdt.internal.ModuleSupport.getModuleInfo(ModuleSupport.java:190)
	at org.eclipse.m2e.jdt.internal.ModuleSupport.configureClasspath(ModuleSupport.java:119)
	at org.eclipse.m2e.jdt.internal.AbstractJavaProjectConfigurator.configureClasspath(AbstractJavaProjectConfigurator.java:800)
	at org.eclipse.m2e.jdt.internal.DefaultClasspathManagerDelegate.populateClasspath(DefaultClasspathManagerDelegate.java:67)
	at org.eclipse.m2e.jdt.internal.BuildPathManager.getClasspath(BuildPathManager.java:269)
	at org.eclipse.m2e.jdt.internal.BuildPathManager.getClasspath(BuildPathManager.java:385)
	at org.eclipse.m2e.jdt.internal.BuildPathManager.getClasspath(BuildPathManager.java:365)
	at org.eclipse.m2e.jdt.internal.BuildPathManager.getClasspath(BuildPathManager.java:393)
	at org.eclipse.m2e.jdt.internal.BuildPathManager.updateClasspath(BuildPathManager.java:207)
	at org.eclipse.m2e.jdt.internal.BuildPathManager.mavenProjectChanged(BuildPathManager.java:196)
	at org.eclipse.m2e.core.internal.project.registry.ProjectRegistryManager.notifyProjectChangeListeners(ProjectRegistryManager.java:824)
	at org.eclipse.m2e.core.internal.project.registry.ProjectRegistryManager.applyMutableProjectRegistry(ProjectRegistryManager.java:990)
	at org.eclipse.m2e.core.internal.project.registry.ProjectRegistryManager.refresh(ProjectRegistryManager.java:317)
	at org.eclipse.m2e.core.internal.project.ProjectConfigurationManager.updateProjectConfiguration0(ProjectConfigurationManager.java:409)
	at org.eclipse.m2e.core.internal.project.ProjectConfigurationManager.lambda$1(ProjectConfigurationManager.java:358)
	at org.eclipse.m2e.core.internal.embedder.MavenExecutionContext.executeBare(MavenExecutionContext.java:179)
	at org.eclipse.m2e.core.internal.embedder.MavenExecutionContext.execute(MavenExecutionContext.java:153)
	at org.eclipse.m2e.core.internal.embedder.MavenExecutionContext.execute(MavenExecutionContext.java:101)
	at org.eclipse.m2e.core.internal.embedder.MavenImpl.execute(MavenImpl.java:1370)
	at org.eclipse.m2e.core.internal.project.ProjectConfigurationManager.updateProjectConfiguration(ProjectConfigurationManager.java:357)
	at org.eclipse.m2e.importer.internal.MavenProjectConfigurator$UpdateMavenConfigurationJob.run(MavenProjectConfigurator.java:171)
	at org.eclipse.core.internal.jobs.Worker.run(Worker.java:63)
2021-05-29 23:10:40,670 [Worker-18: Update Maven projects configuration] INFO  o.e.m.j.i.AbstractJavaProjectConfigurator - Adding source folder /biblioteka/src/main/java
2021-05-29 23:10:40,688 [Worker-18: Update Maven projects configuration] INFO  o.e.m.j.i.AbstractJavaProjectConfigurator - Adding source folder /biblioteka/src/test/java
2021-05-29 23:10:40,902 [Worker-18: Update Maven projects configuration] INFO  o.e.m.j.i.AbstractJavaProjectConfigurator - Adding source folder /aplikacja/src/main/java
2021-05-29 23:10:40,903 [Worker-18: Update Maven projects configuration] INFO  o.e.m.j.i.AbstractJavaProjectConfigurator - Adding source folder /aplikacja/src/test/java
2021-05-29 23:10:40,978 [Worker-18: Update Maven projects configuration] INFO  o.e.m.c.i.p.ProjectConfigurationManager - Update completed: 2 sec
2021-05-29 23:10:41,119 [Worker-23: Building] INFO  o.e.m.c.i.p.WorkspaceClassifierResolverManager - Resolving P/biblioteka: org.example:ChatLib:0.0.1-SNAPSHOT with classifier  to /biblioteka/target/classes
2021-05-29 23:10:41,139 [Worker-23: Building] INFO  o.e.m.c.i.embedder.EclipseLogger - Using 'UTF-8' encoding to copy filtered resources.
2021-05-29 23:10:41,140 [Worker-23: Building] INFO  o.e.m.c.i.embedder.EclipseLogger - skip non existing resourceDirectory C:\Users\huawei\Desktop\lab09\aplikacja\src\main\resources
2021-05-29 23:10:41,143 [Worker-23: Building] INFO  o.e.m.c.i.embedder.EclipseLogger - Using 'UTF-8' encoding to copy filtered resources.
2021-05-29 23:10:41,144 [Worker-23: Building] INFO  o.e.m.c.i.embedder.EclipseLogger - skip non existing resourceDirectory C:\Users\huawei\Desktop\lab09\aplikacja\src\test\resources
2021-05-29 23:10:41,601 [Worker-23: Building] INFO  o.e.m.c.i.embedder.EclipseLogger - Using 'UTF-8' encoding to copy filtered resources.
2021-05-29 23:10:41,602 [Worker-23: Building] INFO  o.e.m.c.i.embedder.EclipseLogger - skip non existing resourceDirectory C:\Users\huawei\Desktop\lab09\biblioteka\src\main\resources
2021-05-29 23:10:41,605 [Worker-23: Building] INFO  o.e.m.c.i.embedder.EclipseLogger - Using 'UTF-8' encoding to copy filtered resources.
2021-05-29 23:10:41,605 [Worker-23: Building] INFO  o.e.m.c.i.embedder.EclipseLogger - skip non existing resourceDirectory C:\Users\huawei\Desktop\lab09\biblioteka\src\test\resources
2021-05-29 23:10:42,869 [Worker-18: Building] INFO  o.e.m.c.i.embedder.EclipseLogger - Using 'UTF-8' encoding to copy filtered resources.
2021-05-29 23:10:42,870 [Worker-18: Building] INFO  o.e.m.c.i.embedder.EclipseLogger - skip non existing resourceDirectory C:\Users\huawei\Desktop\lab09\aplikacja\src\main\resources
2021-05-29 23:10:42,873 [Worker-18: Building] INFO  o.e.m.c.i.embedder.EclipseLogger - Using 'UTF-8' encoding to copy filtered resources.
2021-05-29 23:10:42,874 [Worker-18: Building] INFO  o.e.m.c.i.embedder.EclipseLogger - skip non existing resourceDirectory C:\Users\huawei\Desktop\lab09\aplikacja\src\test\resources
2021-05-29 23:11:51,815 [Worker-12: Launching MainWindow] INFO  o.e.m.c.i.p.WorkspaceClassifierResolverManager - Resolving P/biblioteka: org.example:ChatLib:0.0.1-SNAPSHOT with classifier null to /biblioteka/target/classes
2021-05-29 23:11:51,824 [Worker-12: Launching MainWindow] INFO  o.e.m.c.i.p.WorkspaceClassifierResolverManager - Resolving P/biblioteka: org.example:ChatLib:0.0.1-SNAPSHOT with classifier null to /biblioteka/target/classes
2021-05-29 23:11:51,834 [Worker-12: Launching MainWindow] INFO  o.e.m.c.i.p.WorkspaceClassifierResolverManager - Resolving P/biblioteka: org.example:ChatLib:0.0.1-SNAPSHOT with classifier null to /biblioteka/target/classes
2021-05-29 23:11:58,502 [Worker-12: Launching MainWindow] INFO  o.e.m.c.i.p.WorkspaceClassifierResolverManager - Resolving P/biblioteka: org.example:ChatLib:0.0.1-SNAPSHOT with classifier null to /biblioteka/target/classes
2021-05-29 23:11:58,512 [Worker-12: Launching MainWindow] INFO  o.e.m.c.i.p.WorkspaceClassifierResolverManager - Resolving P/biblioteka: org.example:ChatLib:0.0.1-SNAPSHOT with classifier null to /biblioteka/target/classes
2021-05-29 23:11:58,524 [Worker-12: Launching MainWindow] INFO  o.e.m.c.i.p.WorkspaceClassifierResolverManager - Resolving P/biblioteka: org.example:ChatLib:0.0.1-SNAPSHOT with classifier null to /biblioteka/target/classes
2021-05-29 23:20:36,554 [Worker-26: Building] INFO  o.e.m.c.i.embedder.EclipseLogger - Using 'UTF-8' encoding to copy filtered resources.
2021-05-29 23:20:36,555 [Worker-26: Building] INFO  o.e.m.c.i.embedder.EclipseLogger - skip non existing resourceDirectory C:\Users\huawei\Desktop\lab09\aplikacja\src\main\resources
2021-05-29 23:20:36,557 [Worker-26: Building] INFO  o.e.m.c.i.embedder.EclipseLogger - Using 'UTF-8' encoding to copy filtered resources.
2021-05-29 23:20:36,557 [Worker-26: Building] INFO  o.e.m.c.i.embedder.EclipseLogger - skip non existing resourceDirectory C:\Users\huawei\Desktop\lab09\aplikacja\src\test\resources
2021-05-29 23:20:36,565 [Worker-26: Building] INFO  o.e.m.c.i.embedder.EclipseLogger - Using 'UTF-8' encoding to copy filtered resources.
2021-05-29 23:20:36,566 [Worker-26: Building] INFO  o.e.m.c.i.embedder.EclipseLogger - skip non existing resourceDirectory C:\Users\huawei\Desktop\lab09\biblioteka\src\main\resources
2021-05-29 23:20:36,569 [Worker-26: Building] INFO  o.e.m.c.i.embedder.EclipseLogger - Using 'UTF-8' encoding to copy filtered resources.
2021-05-29 23:20:36,570 [Worker-26: Building] INFO  o.e.m.c.i.embedder.EclipseLogger - skip non existing resourceDirectory C:\Users\huawei\Desktop\lab09\biblioteka\src\test\resources
2021-05-31 19:06:57,646 [Worker-73: Building] INFO  o.e.m.c.i.embedder.EclipseLogger - Using 'UTF-8' encoding to copy filtered resources.
2021-05-31 19:06:57,647 [Worker-73: Building] INFO  o.e.m.c.i.embedder.EclipseLogger - skip non existing resourceDirectory C:\Users\huawei\Desktop\lab09\biblioteka\src\main\resources
2021-05-31 19:06:57,648 [Worker-73: Building] INFO  o.e.m.c.i.embedder.EclipseLogger - Using 'UTF-8' encoding to copy filtered resources.
2021-05-31 19:06:57,648 [Worker-73: Building] INFO  o.e.m.c.i.embedder.EclipseLogger - skip non existing resourceDirectory C:\Users\huawei\Desktop\lab09\biblioteka\src\test\resources
2021-05-31 19:06:58,676 [Worker-71: Building] INFO  o.e.m.c.i.embedder.EclipseLogger - Using 'UTF-8' encoding to copy filtered resources.
2021-05-31 19:06:58,677 [Worker-71: Building] INFO  o.e.m.c.i.embedder.EclipseLogger - skip non existing resourceDirectory C:\Users\huawei\Desktop\lab09\biblioteka\src\main\resources
2021-05-31 19:06:58,678 [Worker-71: Building] INFO  o.e.m.c.i.embedder.EclipseLogger - Using 'UTF-8' encoding to copy filtered resources.
2021-05-31 19:06:58,678 [Worker-71: Building] INFO  o.e.m.c.i.embedder.EclipseLogger - skip non existing resourceDirectory C:\Users\huawei\Desktop\lab09\biblioteka\src\test\resources
2021-05-31 19:07:00,461 [Worker-74: Building] INFO  o.e.m.c.i.embedder.EclipseLogger - Using 'UTF-8' encoding to copy filtered resources.
2021-05-31 19:07:00,461 [Worker-74: Building] INFO  o.e.m.c.i.embedder.EclipseLogger - skip non existing resourceDirectory C:\Users\huawei\Desktop\lab09\biblioteka\src\main\resources
2021-05-31 19:07:00,462 [Worker-74: Building] INFO  o.e.m.c.i.embedder.EclipseLogger - Using 'UTF-8' encoding to copy filtered resources.
2021-05-31 19:07:00,462 [Worker-74: Building] INFO  o.e.m.c.i.embedder.EclipseLogger - skip non existing resourceDirectory C:\Users\huawei\Desktop\lab09\biblioteka\src\test\resources
2021-05-31 19:07:03,439 [Worker-71: Building] INFO  o.e.m.c.i.embedder.EclipseLogger - Using 'UTF-8' encoding to copy filtered resources.
2021-05-31 19:07:03,440 [Worker-71: Building] INFO  o.e.m.c.i.embedder.EclipseLogger - skip non existing resourceDirectory C:\Users\huawei\Desktop\lab09\biblioteka\src\main\resources
2021-05-31 19:07:03,441 [Worker-71: Building] INFO  o.e.m.c.i.embedder.EclipseLogger - Using 'UTF-8' encoding to copy filtered resources.
2021-05-31 19:07:03,441 [Worker-71: Building] INFO  o.e.m.c.i.embedder.EclipseLogger - skip non existing resourceDirectory C:\Users\huawei\Desktop\lab09\biblioteka\src\test\resources
2021-05-31 19:07:14,317 [Worker-73: Building] INFO  o.e.m.c.i.embedder.EclipseLogger - Using 'UTF-8' encoding to copy filtered resources.
2021-05-31 19:07:14,317 [Worker-73: Building] INFO  o.e.m.c.i.embedder.EclipseLogger - skip non existing resourceDirectory C:\Users\huawei\Desktop\lab09\biblioteka\src\main\resources
2021-05-31 19:07:14,318 [Worker-73: Building] INFO  o.e.m.c.i.embedder.EclipseLogger - Using 'UTF-8' encoding to copy filtered resources.
2021-05-31 19:07:14,318 [Worker-73: Building] INFO  o.e.m.c.i.embedder.EclipseLogger - skip non existing resourceDirectory C:\Users\huawei\Desktop\lab09\biblioteka\src\test\resources
2021-05-31 19:07:23,623 [Worker-71: Building] INFO  o.e.m.c.i.embedder.EclipseLogger - Using 'UTF-8' encoding to copy filtered resources.
2021-05-31 19:07:23,623 [Worker-71: Building] INFO  o.e.m.c.i.embedder.EclipseLogger - skip non existing resourceDirectory C:\Users\huawei\Desktop\lab09\biblioteka\src\main\resources
2021-05-31 19:07:23,624 [Worker-71: Building] INFO  o.e.m.c.i.embedder.EclipseLogger - Using 'UTF-8' encoding to copy filtered resources.
2021-05-31 19:07:23,625 [Worker-71: Building] INFO  o.e.m.c.i.embedder.EclipseLogger - skip non existing resourceDirectory C:\Users\huawei\Desktop\lab09\biblioteka\src\test\resources
2021-05-31 19:07:42,786 [Worker-71: Building] INFO  o.e.m.c.i.embedder.EclipseLogger - Using 'UTF-8' encoding to copy filtered resources.
2021-05-31 19:07:42,786 [Worker-71: Building] INFO  o.e.m.c.i.embedder.EclipseLogger - skip non existing resourceDirectory C:\Users\huawei\Desktop\lab09\biblioteka\src\main\resources
2021-05-31 19:07:42,787 [Worker-71: Building] INFO  o.e.m.c.i.embedder.EclipseLogger - Using 'UTF-8' encoding to copy filtered resources.
2021-05-31 19:07:42,787 [Worker-71: Building] INFO  o.e.m.c.i.embedder.EclipseLogger - skip non existing resourceDirectory C:\Users\huawei\Desktop\lab09\biblioteka\src\test\resources
2021-06-01 04:20:49,437 [Worker-2: Loading available Gradle versions] INFO  o.e.b.c.i.u.g.PublishedGradleVersions - Gradle version information cache is up-to-date. Trying to read.
2021-06-01 09:36:01,663 [Worker-69: Launching MainWindow] INFO  o.e.m.c.i.embedder.EclipseLogger - Using 'UTF-8' encoding to copy filtered resources.
2021-06-01 09:36:01,663 [Worker-69: Launching MainWindow] INFO  o.e.m.c.i.embedder.EclipseLogger - skip non existing resourceDirectory C:\Users\huawei\Desktop\lab09\biblioteka\src\main\resources
2021-06-01 09:36:01,665 [Worker-69: Launching MainWindow] INFO  o.e.m.c.i.embedder.EclipseLogger - Using 'UTF-8' encoding to copy filtered resources.
2021-06-01 09:36:01,665 [Worker-69: Launching MainWindow] INFO  o.e.m.c.i.embedder.EclipseLogger - skip non existing resourceDirectory C:\Users\huawei\Desktop\lab09\biblioteka\src\test\resources
2021-06-01 09:36:02,377 [Worker-69: Launching MainWindow] INFO  o.e.m.c.i.p.WorkspaceClassifierResolverManager - Resolving P/biblioteka: org.example:ChatLib:0.0.1-SNAPSHOT with classifier  to /biblioteka/target/classes
2021-06-01 09:36:02,384 [Worker-69: Launching MainWindow] INFO  o.e.m.c.i.embedder.EclipseLogger - Using 'UTF-8' encoding to copy filtered resources.
2021-06-01 09:36:02,384 [Worker-69: Launching MainWindow] INFO  o.e.m.c.i.embedder.EclipseLogger - skip non existing resourceDirectory C:\Users\huawei\Desktop\lab09\aplikacja\src\main\resources
2021-06-01 09:36:02,385 [Worker-69: Launching MainWindow] INFO  o.e.m.c.i.embedder.EclipseLogger - Using 'UTF-8' encoding to copy filtered resources.
2021-06-01 09:36:02,386 [Worker-69: Launching MainWindow] INFO  o.e.m.c.i.embedder.EclipseLogger - skip non existing resourceDirectory C:\Users\huawei\Desktop\lab09\aplikacja\src\test\resources
2021-06-01 09:36:02,438 [Worker-69: Launching MainWindow] INFO  o.e.m.c.i.p.WorkspaceClassifierResolverManager - Resolving P/biblioteka: org.example:ChatLib:0.0.1-SNAPSHOT with classifier null to /biblioteka/target/classes
2021-06-01 09:36:02,449 [Worker-69: Launching MainWindow] INFO  o.e.m.c.i.p.WorkspaceClassifierResolverManager - Resolving P/biblioteka: org.example:ChatLib:0.0.1-SNAPSHOT with classifier null to /biblioteka/target/classes
2021-06-01 09:36:02,464 [Worker-69: Launching MainWindow] INFO  o.e.m.c.i.p.WorkspaceClassifierResolverManager - Resolving P/biblioteka: org.example:ChatLib:0.0.1-SNAPSHOT with classifier null to /biblioteka/target/classes
2021-06-01 09:36:19,395 [Worker-73: Launching MainWindow] INFO  o.e.m.c.i.p.WorkspaceClassifierResolverManager - Resolving P/biblioteka: org.example:ChatLib:0.0.1-SNAPSHOT with classifier null to /biblioteka/target/classes
2021-06-01 09:36:19,407 [Worker-73: Launching MainWindow] INFO  o.e.m.c.i.p.WorkspaceClassifierResolverManager - Resolving P/biblioteka: org.example:ChatLib:0.0.1-SNAPSHOT with classifier null to /biblioteka/target/classes
2021-06-01 09:36:19,418 [Worker-73: Launching MainWindow] INFO  o.e.m.c.i.p.WorkspaceClassifierResolverManager - Resolving P/biblioteka: org.example:ChatLib:0.0.1-SNAPSHOT with classifier null to /biblioteka/target/classes
2021-06-01 09:36:49,432 [Worker-69: Launching MainWindow] INFO  o.e.m.c.i.p.WorkspaceClassifierResolverManager - Resolving P/biblioteka: org.example:ChatLib:0.0.1-SNAPSHOT with classifier null to /biblioteka/target/classes
2021-06-01 09:36:49,442 [Worker-69: Launching MainWindow] INFO  o.e.m.c.i.p.WorkspaceClassifierResolverManager - Resolving P/biblioteka: org.example:ChatLib:0.0.1-SNAPSHOT with classifier null to /biblioteka/target/classes
2021-06-01 09:36:49,455 [Worker-69: Launching MainWindow] INFO  o.e.m.c.i.p.WorkspaceClassifierResolverManager - Resolving P/biblioteka: org.example:ChatLib:0.0.1-SNAPSHOT with classifier null to /biblioteka/target/classes
2021-06-01 09:36:52,604 [Worker-71: Launching MainWindow] INFO  o.e.m.c.i.p.WorkspaceClassifierResolverManager - Resolving P/biblioteka: org.example:ChatLib:0.0.1-SNAPSHOT with classifier null to /biblioteka/target/classes
2021-06-01 09:36:52,614 [Worker-71: Launching MainWindow] INFO  o.e.m.c.i.p.WorkspaceClassifierResolverManager - Resolving P/biblioteka: org.example:ChatLib:0.0.1-SNAPSHOT with classifier null to /biblioteka/target/classes
2021-06-01 09:36:52,628 [Worker-71: Launching MainWindow] INFO  o.e.m.c.i.p.WorkspaceClassifierResolverManager - Resolving P/biblioteka: org.example:ChatLib:0.0.1-SNAPSHOT with classifier null to /biblioteka/target/classes
2021-06-08 10:37:06,510 [Worker-1: Loading available Gradle versions] INFO  o.e.b.c.i.u.g.PublishedGradleVersions - Gradle version information cache is up-to-date. Trying to read.
2021-06-08 10:38:05,151 [Worker-7: Updating Maven Dependencies] INFO  o.e.m.c.i.l.LifecycleMappingFactory - Using org.eclipse.m2e.jdt.JarLifecycleMapping lifecycle mapping for MavenProject: org.example:ChatApp:0.0.1-SNAPSHOT @ C:\Users\huawei\Desktop\lab09\aplikacja\pom.xml.
2021-06-08 10:38:05,175 [Worker-7: Updating Maven Dependencies] WARN  o.e.m.c.i.embedder.EclipseLogger - The POM for org.example:ChatLib:jar:0.0.1-SNAPSHOT is missing, no dependency information available
2021-06-08 10:38:05,646 [Worker-2: Building] WARN  o.e.m.c.i.embedder.EclipseLogger - The POM for org.example:ChatLib:jar:0.0.1-SNAPSHOT is missing, no dependency information available
2021-06-08 10:38:06,021 [Worker-2: Building] INFO  o.e.m.c.i.embedder.EclipseLogger - Using 'UTF-8' encoding to copy filtered resources.
2021-06-08 10:38:06,022 [Worker-2: Building] INFO  o.e.m.c.i.embedder.EclipseLogger - skip non existing resourceDirectory C:\Users\huawei\Desktop\lab09\aplikacja\src\main\resources
2021-06-08 10:38:06,024 [Worker-2: Building] INFO  o.e.m.c.i.embedder.EclipseLogger - Using 'UTF-8' encoding to copy filtered resources.
2021-06-08 10:38:06,024 [Worker-2: Building] INFO  o.e.m.c.i.embedder.EclipseLogger - skip non existing resourceDirectory C:\Users\huawei\Desktop\lab09\aplikacja\src\test\resources
2021-06-08 10:38:09,005 [Worker-3: Updating Maven Dependencies] ERROR o.e.m.j.i.l.MavenLaunchConfigurationListener - Launch configuration MainWindow references non-existing project aplikacja.
org.eclipse.core.runtime.CoreException: Launch configuration MainWindow references non-existing project aplikacja.
	at org.eclipse.jdt.launching.JavaRuntime.abort(JavaRuntime.java:1843)
	at org.eclipse.jdt.launching.JavaRuntime.getJavaProject(JavaRuntime.java:1718)
	at org.eclipse.m2e.jdt.internal.launch.MavenLaunchConfigurationListener.updateLaunchConfiguration(MavenLaunchConfigurationListener.java:59)
	at org.eclipse.m2e.jdt.internal.launch.MavenLaunchConfigurationListener.launchConfigurationChanged(MavenLaunchConfigurationListener.java:46)
	at org.eclipse.debug.internal.core.LaunchManager$ConfigurationNotifier.run(LaunchManager.java:225)
	at org.eclipse.core.runtime.SafeRunner.run(SafeRunner.java:45)
	at org.eclipse.debug.internal.core.LaunchManager$ConfigurationNotifier.notify(LaunchManager.java:209)
	at org.eclipse.debug.internal.core.LaunchConfigurationWorkingCopy.setDirty(LaunchConfigurationWorkingCopy.java:521)
	at org.eclipse.debug.internal.core.LaunchConfigurationWorkingCopy.setAttribute(LaunchConfigurationWorkingCopy.java:409)
	at org.eclipse.m2e.jdt.internal.launch.MavenRuntimeClasspathProvider.disable(MavenRuntimeClasspathProvider.java:401)
	at org.eclipse.m2e.jdt.internal.launch.MavenRuntimeClasspathProvider.disable(MavenRuntimeClasspathProvider.java:427)
	at org.eclipse.m2e.jdt.internal.launch.MavenLaunchConfigurationListener.mavenProjectChanged(MavenLaunchConfigurationListener.java:130)
	at org.eclipse.m2e.core.internal.project.registry.ProjectRegistryManager.notifyProjectChangeListeners(ProjectRegistryManager.java:824)
	at org.eclipse.m2e.core.internal.project.registry.ProjectRegistryManager.applyMutableProjectRegistry(ProjectRegistryManager.java:990)
	at org.eclipse.m2e.core.internal.project.registry.ProjectRegistryRefreshJob.lambda$0(ProjectRegistryRefreshJob.java:149)
	at org.eclipse.m2e.core.internal.embedder.MavenExecutionContext.executeBare(MavenExecutionContext.java:179)
	at org.eclipse.m2e.core.internal.embedder.MavenExecutionContext.execute(MavenExecutionContext.java:153)
	at org.eclipse.m2e.core.internal.embedder.MavenExecutionContext.execute(MavenExecutionContext.java:101)
	at org.eclipse.m2e.core.internal.embedder.MavenImpl.execute(MavenImpl.java:1374)
	at org.eclipse.m2e.core.internal.project.registry.ProjectRegistryRefreshJob.run(ProjectRegistryRefreshJob.java:84)
	at org.eclipse.core.internal.jobs.Worker.run(Worker.java:63)
2021-06-08 10:38:09,007 [Worker-3: Updating Maven Dependencies] ERROR o.e.m.j.i.l.MavenLaunchConfigurationListener - Launch configuration MainWindow references non-existing project aplikacja.
org.eclipse.core.runtime.CoreException: Launch configuration MainWindow references non-existing project aplikacja.
	at org.eclipse.jdt.launching.JavaRuntime.abort(JavaRuntime.java:1843)
	at org.eclipse.jdt.launching.JavaRuntime.getJavaProject(JavaRuntime.java:1718)
	at org.eclipse.m2e.jdt.internal.launch.MavenLaunchConfigurationListener.updateLaunchConfiguration(MavenLaunchConfigurationListener.java:59)
	at org.eclipse.m2e.jdt.internal.launch.MavenLaunchConfigurationListener.launchConfigurationChanged(MavenLaunchConfigurationListener.java:46)
	at org.eclipse.debug.internal.core.LaunchManager$ConfigurationNotifier.run(LaunchManager.java:225)
	at org.eclipse.core.runtime.SafeRunner.run(SafeRunner.java:45)
	at org.eclipse.debug.internal.core.LaunchManager$ConfigurationNotifier.notify(LaunchManager.java:209)
	at org.eclipse.debug.internal.core.LaunchConfigurationWorkingCopy.setDirty(LaunchConfigurationWorkingCopy.java:521)
	at org.eclipse.debug.internal.core.LaunchConfigurationWorkingCopy.setAttribute(LaunchConfigurationWorkingCopy.java:409)
	at org.eclipse.m2e.jdt.internal.launch.MavenRuntimeClasspathProvider.disable(MavenRuntimeClasspathProvider.java:402)
	at org.eclipse.m2e.jdt.internal.launch.MavenRuntimeClasspathProvider.disable(MavenRuntimeClasspathProvider.java:427)
	at org.eclipse.m2e.jdt.internal.launch.MavenLaunchConfigurationListener.mavenProjectChanged(MavenLaunchConfigurationListener.java:130)
	at org.eclipse.m2e.core.internal.project.registry.ProjectRegistryManager.notifyProjectChangeListeners(ProjectRegistryManager.java:824)
	at org.eclipse.m2e.core.internal.project.registry.ProjectRegistryManager.applyMutableProjectRegistry(ProjectRegistryManager.java:990)
	at org.eclipse.m2e.core.internal.project.registry.ProjectRegistryRefreshJob.lambda$0(ProjectRegistryRefreshJob.java:149)
	at org.eclipse.m2e.core.internal.embedder.MavenExecutionContext.executeBare(MavenExecutionContext.java:179)
	at org.eclipse.m2e.core.internal.embedder.MavenExecutionContext.execute(MavenExecutionContext.java:153)
	at org.eclipse.m2e.core.internal.embedder.MavenExecutionContext.execute(MavenExecutionContext.java:101)
	at org.eclipse.m2e.core.internal.embedder.MavenImpl.execute(MavenImpl.java:1374)
	at org.eclipse.m2e.core.internal.project.registry.ProjectRegistryRefreshJob.run(ProjectRegistryRefreshJob.java:84)
	at org.eclipse.core.internal.jobs.Worker.run(Worker.java:63)
2021-06-08 10:38:09,011 [Worker-3: Updating Maven Dependencies] ERROR o.e.m.j.i.l.MavenLaunchConfigurationListener - Launch configuration MainWindow references non-existing project aplikacja.
org.eclipse.core.runtime.CoreException: Launch configuration MainWindow references non-existing project aplikacja.
	at org.eclipse.jdt.launching.JavaRuntime.abort(JavaRuntime.java:1843)
	at org.eclipse.jdt.launching.JavaRuntime.getJavaProject(JavaRuntime.java:1718)
	at org.eclipse.m2e.jdt.internal.launch.MavenLaunchConfigurationListener.updateLaunchConfiguration(MavenLaunchConfigurationListener.java:59)
	at org.eclipse.m2e.jdt.internal.launch.MavenLaunchConfigurationListener.launchConfigurationChanged(MavenLaunchConfigurationListener.java:46)
	at org.eclipse.debug.internal.core.LaunchManager$ConfigurationNotifier.run(LaunchManager.java:225)
	at org.eclipse.core.runtime.SafeRunner.run(SafeRunner.java:45)
	at org.eclipse.debug.internal.core.LaunchManager$ConfigurationNotifier.notify(LaunchManager.java:209)
	at org.eclipse.debug.internal.core.LaunchManager.launchConfigurationChanged(LaunchManager.java:2132)
	at org.eclipse.debug.internal.core.LaunchConfigurationWorkingCopy.writeNewFile(LaunchConfigurationWorkingCopy.java:374)
	at org.eclipse.debug.internal.core.LaunchConfigurationWorkingCopy.doSave0(LaunchConfigurationWorkingCopy.java:257)
	at org.eclipse.debug.internal.core.LaunchConfigurationWorkingCopy.doSave(LaunchConfigurationWorkingCopy.java:227)
	at org.eclipse.debug.internal.core.LaunchConfigurationWorkingCopy.doSave(LaunchConfigurationWorkingCopy.java:185)
	at org.eclipse.m2e.jdt.internal.launch.MavenRuntimeClasspathProvider.disable(MavenRuntimeClasspathProvider.java:403)
	at org.eclipse.m2e.jdt.internal.launch.MavenRuntimeClasspathProvider.disable(MavenRuntimeClasspathProvider.java:427)
	at org.eclipse.m2e.jdt.internal.launch.MavenLaunchConfigurationListener.mavenProjectChanged(MavenLaunchConfigurationListener.java:130)
	at org.eclipse.m2e.core.internal.project.registry.ProjectRegistryManager.notifyProjectChangeListeners(ProjectRegistryManager.java:824)
	at org.eclipse.m2e.core.internal.project.registry.ProjectRegistryManager.applyMutableProjectRegistry(ProjectRegistryManager.java:990)
	at org.eclipse.m2e.core.internal.project.registry.ProjectRegistryRefreshJob.lambda$0(ProjectRegistryRefreshJob.java:149)
	at org.eclipse.m2e.core.internal.embedder.MavenExecutionContext.executeBare(MavenExecutionContext.java:179)
	at org.eclipse.m2e.core.internal.embedder.MavenExecutionContext.execute(MavenExecutionContext.java:153)
	at org.eclipse.m2e.core.internal.embedder.MavenExecutionContext.execute(MavenExecutionContext.java:101)
	at org.eclipse.m2e.core.internal.embedder.MavenImpl.execute(MavenImpl.java:1374)
	at org.eclipse.m2e.core.internal.project.registry.ProjectRegistryRefreshJob.run(ProjectRegistryRefreshJob.java:84)
	at org.eclipse.core.internal.jobs.Worker.run(Worker.java:63)
2021-06-08 10:52:41,257 [main] INFO  o.e.m2e.actions.ExecutePomAction - Creating new launch configuration
2021-06-08 10:52:42,926 [Worker-25: Launching WishesGenerator] INFO  o.e.m.i.launch.MavenLaunchDelegate - C:\Users\huawei\Desktop\lab13
2021-06-08 10:52:42,930 [Worker-25: Launching WishesGenerator] INFO  o.e.m.i.launch.MavenLaunchDelegate -  mvn -B 
2021-06-08 10:52:54,180 [Worker-3: Launching WishesGenerator] INFO  o.e.m.i.launch.MavenLaunchDelegate - C:\Users\huawei\Desktop\lab13
2021-06-08 10:52:54,180 [Worker-3: Launching WishesGenerator] INFO  o.e.m.i.launch.MavenLaunchDelegate -  mvn -B compile
2021-06-08 10:54:43,383 [Worker-2: Loading available Gradle versions] INFO  o.e.b.c.i.u.g.PublishedGradleVersions - Gradle version information cache is up-to-date. Trying to read.
2021-06-08 11:02:57,756 [Worker-0: Loading available Gradle versions] INFO  o.e.b.c.i.u.g.PublishedGradleVersions - Gradle version information cache is up-to-date. Trying to read.
